ISim log file
Running: C:\Users\123\Desktop\verilog\P5\pipeline\mips_tb_isim_beh.exe -intstyle ise -gui -tclbatch isim.cmd -view C:/Users/123/Desktop/verilog/P5/pipeline/sbBeq.wcfg -wdb C:/Users/123/Desktop/verilog/P5/pipeline/mips_tb_isim_beh.wdb 
ISim P.20131013 (signature 0x7708f090)
----------------------------------------------------------------------
WARNING:Security:42 - Your software subscription period has lapsed. Your current version of Xilinx tools will continue to function, but you no longer qualify for Xilinx software updates or new releases.


----------------------------------------------------------------------
This is a Full version of ISim.
Time resolution is 1 ps
# onerror resume
# run 1000 ns
Simulator is doing circuit initialization process.
ERROR: Illegal hex digit '!' found in data of file "code.txt" on line 28 in file "C:/Users/123/Desktop/verilog/P5/pipeline/datapath/im.v".
Finished circuit initialization process.
ISim P.20131013 (signature 0x7708f090)
----------------------------------------------------------------------
WARNING:Security:42 - Your software subscription period has lapsed. Your current version of Xilinx tools will continue to function, but you no longer qualify for Xilinx software updates or new releases.


----------------------------------------------------------------------
This is a Full version of ISim.
# run 1000 ns
Simulator is doing circuit initialization process.
Finished circuit initialization process.
                  11@00003000: $ 1 <= 00000064
                  13@00003004: $ 2 <= 00000001
                  13@00003008: *00000000 <= 00000064
                  15@0000300c: *00000004 <= 00000001
                  19@00003010: $ 3 <= 00000064
                  21@00003014: $ 3 <= 00000001
                  25@00003018: $ 4 <= 00000001
