Release 14.7 - xst P.20131013 (nt64)
Copyright (c) 1995-2013 Xilinx, Inc.  All rights reserved.
--> Parameter TMPDIR set to xst/projnav.tmp


Total REAL time to Xst completion: 0.00 secs
Total CPU time to Xst completion: 0.22 secs
 
--> Parameter xsthdpdir set to xst


Total REAL time to Xst completion: 0.00 secs
Total CPU time to Xst completion: 0.22 secs
 
--> Reading design: code.prj

TABLE OF CONTENTS
  1) Synthesis Options Summary
  2) HDL Compilation
  3) Design Hierarchy Analysis
  4) HDL Analysis
  5) HDL Synthesis
     5.1) HDL Synthesis Report
  6) Advanced HDL Synthesis
     6.1) Advanced HDL Synthesis Report
  7) Low Level Synthesis
  8) Partition Report
  9) Final Report
	9.1) Device utilization summary
	9.2) Partition Resource Summary
	9.3) TIMING REPORT


=========================================================================
*                      Synthesis Options Summary                        *
=========================================================================
---- Source Parameters
Input File Name                    : "code.prj"
Input Format                       : mixed
Ignore Synthesis Constraint File   : NO

---- Target Parameters
Output File Name                   : "code"
Output Format                      : NGC
Target Device                      : xa3s50-4-vqg100

---- Source Options
Top Module Name                    : code
Automatic FSM Extraction           : YES
FSM Encoding Algorithm             : Auto
Safe Implementation                : No
FSM Style                          : LUT
RAM Extraction                     : Yes
RAM Style                          : Auto
ROM Extraction                     : Yes
Mux Style                          : Auto
Decoder Extraction                 : YES
Priority Encoder Extraction        : Yes
Shift Register Extraction          : YES
Logical Shifter Extraction         : YES
XOR Collapsing                     : YES
ROM Style                          : Auto
Mux Extraction                     : Yes
Resource Sharing                   : YES
Asynchronous To Synchronous        : NO
Multiplier Style                   : Auto
Automatic Register Balancing       : No

---- Target Options
Add IO Buffers                     : YES
Global Maximum Fanout              : 500
Add Generic Clock Buffer(BUFG)     : 8
Register Duplication               : YES
Slice Packing                      : YES
Optimize Instantiated Primitives   : NO
Use Clock Enable                   : Yes
Use Synchronous Set                : Yes
Use Synchronous Reset              : Yes
Pack IO Registers into IOBs        : Auto
Equivalent register Removal        : YES

---- General Options
Optimization Goal                  : Speed
Optimization Effort                : 1
Keep Hierarchy                     : No
Netlist Hierarchy                  : As_Optimized
RTL Output                         : Yes
Global Optimization                : AllClockNets
Read Cores                         : YES
Write Timing Constraints           : NO
Cross Clock Analysis               : NO
Hierarchy Separator                : /
Bus Delimiter                      : <>
Case Specifier                     : Maintain
Slice Utilization Ratio            : 100
BRAM Utilization Ratio             : 100
Verilog 2001                       : YES
Auto BRAM Packing                  : NO
Slice Utilization Ratio Delta      : 5

=========================================================================


=========================================================================
*                          HDL Compilation                              *
=========================================================================
Compiling verilog file "counter.v" in library work
Module <code> compiled
No errors in compilation
Analysis of file <"code.prj"> succeeded.
 

=========================================================================
*                     Design Hierarchy Analysis                         *
=========================================================================
Analyzing hierarchy for module <code> in library <work>.


=========================================================================
*                            HDL Analysis                               *
=========================================================================
Analyzing top module <code>.
Module <code> is correct for synthesis.
 

=========================================================================
*                           HDL Synthesis                               *
=========================================================================

Performing bidirectional port resolution...

Synthesizing Unit <code>.
    Related source file is "counter.v".
WARNING:Xst:647 - Input <Clk> is never used. This port will be preserved and left unconnected if it belongs to a top-level block or it belongs to a sub-block and the hierarchy of this sub-block is preserved.
WARNING:Xst:647 - Input <Reset> is never used. This port will be preserved and left unconnected if it belongs to a top-level block or it belongs to a sub-block and the hierarchy of this sub-block is preserved.
WARNING:Xst:737 - Found 1-bit latch for signal <Aff_0>. Latches may be generated from incomplete case or if statements. We do not recommend the use of latches in FPGA/CPLD designs, as they may lead to timing problems.
WARNING:Xst:737 - Found 64-bit latch for signal <Output0>. Latches may be generated from incomplete case or if statements. We do not recommend the use of latches in FPGA/CPLD designs, as they may lead to timing problems.
WARNING:Xst:737 - Found 2-bit latch for signal <Aff_1>. Latches may be generated from incomplete case or if statements. We do not recommend the use of latches in FPGA/CPLD designs, as they may lead to timing problems.
WARNING:Xst:737 - Found 64-bit latch for signal <Output1>. Latches may be generated from incomplete case or if statements. We do not recommend the use of latches in FPGA/CPLD designs, as they may lead to timing problems.
    Found 1-bit adder for signal <Aff_0$add0000> created at line 38.
    Found 2-bit adder for signal <Aff_1$add0000> created at line 44.
    Found 64-bit adder for signal <Output0$add0000> created at line 40.
    Found 64-bit adder for signal <Output1$add0000> created at line 46.
    Summary:
	inferred   4 Adder/Subtractor(s).
Unit <code> synthesized.


=========================================================================
HDL Synthesis Report

Macro Statistics
# Adders/Subtractors                                   : 4
 1-bit adder                                           : 1
 2-bit adder                                           : 1
 64-bit adder                                          : 2
# Latches                                              : 4
 1-bit latch                                           : 1
 2-bit latch                                           : 1
 64-bit latch                                          : 2

=========================================================================

=========================================================================
*                       Advanced HDL Synthesis                          *
=========================================================================


=========================================================================
Advanced HDL Synthesis Report

Macro Statistics
# Adders/Subtractors                                   : 4
 1-bit adder                                           : 1
 2-bit adder                                           : 1
 64-bit adder                                          : 2
# Latches                                              : 4
 1-bit latch                                           : 1
 2-bit latch                                           : 1
 64-bit latch                                          : 2

=========================================================================

=========================================================================
*                         Low Level Synthesis                           *
=========================================================================

Optimizing unit <code> ...

Mapping all equations...
Building and optimizing final netlist ...
Found area constraint ratio of 100 (+ 5) on block code, actual ratio is 11.

Final Macro Processing ...

=========================================================================
Final Register Report

Found no macro
=========================================================================

=========================================================================
*                           Partition Report                            *
=========================================================================

Partition Implementation Status
-------------------------------

  No Partitions were found in this design.

-------------------------------

=========================================================================
*                            Final Report                               *
=========================================================================
Final Results
RTL Top Level Output File Name     : code.ngr
Top Level Output File Name         : code
Output Format                      : NGC
Optimization Goal                  : Speed
Keep Hierarchy                     : No

Design Statistics
# IOs                              : 132

Cell Usage :
# BELS                             : 389
#      GND                         : 1
#      INV                         : 5
#      LUT1                        : 126
#      LUT2                        : 2
#      MUXCY                       : 126
#      VCC                         : 1
#      XORCY                       : 128
# FlipFlops/Latches                : 131
#      LDC                         : 2
#      LDC_1                       : 1
#      LDCE                        : 64
#      LDCE_1                      : 64
# Clock Buffers                    : 1
#      BUFGP                       : 1
# IO Buffers                       : 129
#      IBUF                        : 1
#      OBUF                        : 128
=========================================================================

Device utilization summary:
---------------------------

Selected Device : xa3s50vqg100-4 

 Number of Slices:                       87  out of    768    11%  
 Number of Slice Flip Flops:            131  out of   1536     8%  
 Number of 4 input LUTs:                133  out of   1536     8%  
 Number of IOs:                         132
 Number of bonded IOBs:                 130  out of     63   206% (*) 
 Number of GCLKs:                         1  out of      8    12%  

WARNING:Xst:1336 -  (*) More than 100% of Device resources are used

---------------------------
Partition Resource Summary:
---------------------------

  No Partitions were found in this design.

---------------------------


=========================================================================
TIMING REPORT

NOTE: THESE TIMING NUMBERS ARE ONLY A SYNTHESIS ESTIMATE.
      FOR ACCURATE TIMING INFORMATION PLEASE REFER TO THE TRACE REPORT
      GENERATED AFTER PLACE-and-ROUTE.

Clock Information:
------------------
-----------------------------------+------------------------+-------+
Clock Signal                       | Clock buffer(FF name)  | Load  |
-----------------------------------+------------------------+-------+
Slt                                | BUFGP                  | 131   |
-----------------------------------+------------------------+-------+

Asynchronous Control Signals Information:
----------------------------------------
-----------------------------------------+------------------------+-------+
Control Signal                           | Buffer(FF name)        | Load  |
-----------------------------------------+------------------------+-------+
Aff_0_0_not0000(Aff_0_0_not00001_INV_0:O)| NONE(Aff_0)            | 131   |
-----------------------------------------+------------------------+-------+

Timing Summary:
---------------
Speed Grade: -4

   Minimum period: 7.911ns (Maximum Frequency: 126.406MHz)
   Minimum input arrival time before clock: No path found
   Maximum output required time after clock: 7.154ns
   Maximum combinational path delay: No path found

Timing Detail:
--------------
All values displayed in nanoseconds (ns)

=========================================================================
Timing constraint: Default period analysis for Clock 'Slt'
  Clock period: 7.911ns (frequency: 126.406MHz)
  Total number of paths / destination ports: 4356 / 259
-------------------------------------------------------------------------
Delay:               7.911ns (Levels of Logic = 64)
  Source:            Output1_1 (LATCH)
  Destination:       Output1_63 (LATCH)
  Source Clock:      Slt falling
  Destination Clock: Slt falling

  Data Path: Output1_1 to Output1_63
                                Gate     Net
    Cell:in->out      fanout   Delay   Delay  Logical Name (Net Name)
    ----------------------------------------  ------------
     LDCE:G->Q             2   0.633   1.216  Output1_1 (Output1_1)
     LUT1:I0->O            1   0.551   0.000  Madd_Output1_add0000_cy<1>_rt (Madd_Output1_add0000_cy<1>_rt)
     MUXCY:S->O            1   0.500   0.000  Madd_Output1_add0000_cy<1> (Madd_Output1_add0000_cy<1>)
     MUXCY:CI->O           1   0.064   0.000  Madd_Output1_add0000_cy<2> (Madd_Output1_add0000_cy<2>)
     MUXCY:CI->O           1   0.064   0.000  Madd_Output1_add0000_cy<3> (Madd_Output1_add0000_cy<3>)
     MUXCY:CI->O           1   0.064   0.000  Madd_Output1_add0000_cy<4> (Madd_Output1_add0000_cy<4>)
     MUXCY:CI->O           1   0.064   0.000  Madd_Output1_add0000_cy<5> (Madd_Output1_add0000_cy<5>)
     MUXCY:CI->O           1   0.064   0.000  Madd_Output1_add0000_cy<6> (Madd_Output1_add0000_cy<6>)
     MUXCY:CI->O           1   0.064   0.000  Madd_Output1_add0000_cy<7> (Madd_Output1_add0000_cy<7>)
     MUXCY:CI->O           1   0.064   0.000  Madd_Output1_add0000_cy<8> (Madd_Output1_add0000_cy<8>)
     MUXCY:CI->O           1   0.064   0.000  Madd_Output1_add0000_cy<9> (Madd_Output1_add0000_cy<9>)
     MUXCY:CI->O           1   0.064   0.000  Madd_Output1_add0000_cy<10> (Madd_Output1_add0000_cy<10>)
     MUXCY:CI->O           1   0.064   0.000  Madd_Output1_add0000_cy<11> (Madd_Output1_add0000_cy<11>)
     MUXCY:CI->O           1   0.064   0.000  Madd_Output1_add0000_cy<12> (Madd_Output1_add0000_cy<12>)
     MUXCY:CI->O           1   0.064   0.000  Madd_Output1_add0000_cy<13> (Madd_Output1_add0000_cy<13>)
     MUXCY:CI->O           1   0.064   0.000  Madd_Output1_add0000_cy<14> (Madd_Output1_add0000_cy<14>)
     MUXCY:CI->O           1   0.064   0.000  Madd_Output1_add0000_cy<15> (Madd_Output1_add0000_cy<15>)
     MUXCY:CI->O           1   0.064   0.000  Madd_Output1_add0000_cy<16> (Madd_Output1_add0000_cy<16>)
     MUXCY:CI->O           1   0.064   0.000  Madd_Output1_add0000_cy<17> (Madd_Output1_add0000_cy<17>)
     MUXCY:CI->O           1   0.064   0.000  Madd_Output1_add0000_cy<18> (Madd_Output1_add0000_cy<18>)
     MUXCY:CI->O           1   0.064   0.000  Madd_Output1_add0000_cy<19> (Madd_Output1_add0000_cy<19>)
     MUXCY:CI->O           1   0.064   0.000  Madd_Output1_add0000_cy<20> (Madd_Output1_add0000_cy<20>)
     MUXCY:CI->O           1   0.064   0.000  Madd_Output1_add0000_cy<21> (Madd_Output1_add0000_cy<21>)
     MUXCY:CI->O           1   0.064   0.000  Madd_Output1_add0000_cy<22> (Madd_Output1_add0000_cy<22>)
     MUXCY:CI->O           1   0.064   0.000  Madd_Output1_add0000_cy<23> (Madd_Output1_add0000_cy<23>)
     MUXCY:CI->O           1   0.064   0.000  Madd_Output1_add0000_cy<24> (Madd_Output1_add0000_cy<24>)
     MUXCY:CI->O           1   0.064   0.000  Madd_Output1_add0000_cy<25> (Madd_Output1_add0000_cy<25>)
     MUXCY:CI->O           1   0.064   0.000  Madd_Output1_add0000_cy<26> (Madd_Output1_add0000_cy<26>)
     MUXCY:CI->O           1   0.064   0.000  Madd_Output1_add0000_cy<27> (Madd_Output1_add0000_cy<27>)
     MUXCY:CI->O           1   0.064   0.000  Madd_Output1_add0000_cy<28> (Madd_Output1_add0000_cy<28>)
     MUXCY:CI->O           1   0.064   0.000  Madd_Output1_add0000_cy<29> (Madd_Output1_add0000_cy<29>)
     MUXCY:CI->O           1   0.064   0.000  Madd_Output1_add0000_cy<30> (Madd_Output1_add0000_cy<30>)
     MUXCY:CI->O           1   0.064   0.000  Madd_Output1_add0000_cy<31> (Madd_Output1_add0000_cy<31>)
     MUXCY:CI->O           1   0.064   0.000  Madd_Output1_add0000_cy<32> (Madd_Output1_add0000_cy<32>)
     MUXCY:CI->O           1   0.064   0.000  Madd_Output1_add0000_cy<33> (Madd_Output1_add0000_cy<33>)
     MUXCY:CI->O           1   0.064   0.000  Madd_Output1_add0000_cy<34> (Madd_Output1_add0000_cy<34>)
     MUXCY:CI->O           1   0.064   0.000  Madd_Output1_add0000_cy<35> (Madd_Output1_add0000_cy<35>)
     MUXCY:CI->O           1   0.064   0.000  Madd_Output1_add0000_cy<36> (Madd_Output1_add0000_cy<36>)
     MUXCY:CI->O           1   0.064   0.000  Madd_Output1_add0000_cy<37> (Madd_Output1_add0000_cy<37>)
     MUXCY:CI->O           1   0.064   0.000  Madd_Output1_add0000_cy<38> (Madd_Output1_add0000_cy<38>)
     MUXCY:CI->O           1   0.064   0.000  Madd_Output1_add0000_cy<39> (Madd_Output1_add0000_cy<39>)
     MUXCY:CI->O           1   0.064   0.000  Madd_Output1_add0000_cy<40> (Madd_Output1_add0000_cy<40>)
     MUXCY:CI->O           1   0.064   0.000  Madd_Output1_add0000_cy<41> (Madd_Output1_add0000_cy<41>)
     MUXCY:CI->O           1   0.064   0.000  Madd_Output1_add0000_cy<42> (Madd_Output1_add0000_cy<42>)
     MUXCY:CI->O           1   0.064   0.000  Madd_Output1_add0000_cy<43> (Madd_Output1_add0000_cy<43>)
     MUXCY:CI->O           1   0.064   0.000  Madd_Output1_add0000_cy<44> (Madd_Output1_add0000_cy<44>)
     MUXCY:CI->O           1   0.064   0.000  Madd_Output1_add0000_cy<45> (Madd_Output1_add0000_cy<45>)
     MUXCY:CI->O           1   0.064   0.000  Madd_Output1_add0000_cy<46> (Madd_Output1_add0000_cy<46>)
     MUXCY:CI->O           1   0.064   0.000  Madd_Output1_add0000_cy<47> (Madd_Output1_add0000_cy<47>)
     MUXCY:CI->O           1   0.064   0.000  Madd_Output1_add0000_cy<48> (Madd_Output1_add0000_cy<48>)
     MUXCY:CI->O           1   0.064   0.000  Madd_Output1_add0000_cy<49> (Madd_Output1_add0000_cy<49>)
     MUXCY:CI->O           1   0.064   0.000  Madd_Output1_add0000_cy<50> (Madd_Output1_add0000_cy<50>)
     MUXCY:CI->O           1   0.064   0.000  Madd_Output1_add0000_cy<51> (Madd_Output1_add0000_cy<51>)
     MUXCY:CI->O           1   0.064   0.000  Madd_Output1_add0000_cy<52> (Madd_Output1_add0000_cy<52>)
     MUXCY:CI->O           1   0.064   0.000  Madd_Output1_add0000_cy<53> (Madd_Output1_add0000_cy<53>)
     MUXCY:CI->O           1   0.064   0.000  Madd_Output1_add0000_cy<54> (Madd_Output1_add0000_cy<54>)
     MUXCY:CI->O           1   0.064   0.000  Madd_Output1_add0000_cy<55> (Madd_Output1_add0000_cy<55>)
     MUXCY:CI->O           1   0.064   0.000  Madd_Output1_add0000_cy<56> (Madd_Output1_add0000_cy<56>)
     MUXCY:CI->O           1   0.064   0.000  Madd_Output1_add0000_cy<57> (Madd_Output1_add0000_cy<57>)
     MUXCY:CI->O           1   0.064   0.000  Madd_Output1_add0000_cy<58> (Madd_Output1_add0000_cy<58>)
     MUXCY:CI->O           1   0.064   0.000  Madd_Output1_add0000_cy<59> (Madd_Output1_add0000_cy<59>)
     MUXCY:CI->O           1   0.064   0.000  Madd_Output1_add0000_cy<60> (Madd_Output1_add0000_cy<60>)
     MUXCY:CI->O           1   0.064   0.000  Madd_Output1_add0000_cy<61> (Madd_Output1_add0000_cy<61>)
     MUXCY:CI->O           0   0.064   0.000  Madd_Output1_add0000_cy<62> (Madd_Output1_add0000_cy<62>)
     XORCY:CI->O           1   0.904   0.000  Madd_Output1_add0000_xor<63> (Output1_add0000<63>)
     LDCE:D                    0.203          Output1_63
    ----------------------------------------
    Total                      7.911ns (6.695ns logic, 1.216ns route)
                                       (84.6% logic, 15.4% route)

=========================================================================
Timing constraint: Default OFFSET OUT AFTER for Clock 'Slt'
  Total number of paths / destination ports: 128 / 128
-------------------------------------------------------------------------
Offset:              7.154ns (Levels of Logic = 1)
  Source:            Output0_63 (LATCH)
  Destination:       Output0<63> (PAD)
  Source Clock:      Slt rising

  Data Path: Output0_63 to Output0<63>
                                Gate     Net
    Cell:in->out      fanout   Delay   Delay  Logical Name (Net Name)
    ----------------------------------------  ------------
     LDCE_1:G->Q           2   0.633   0.877  Output0_63 (Output0_63)
     OBUF:I->O                 5.644          Output0_63_OBUF (Output0<63>)
    ----------------------------------------
    Total                      7.154ns (6.277ns logic, 0.877ns route)
                                       (87.7% logic, 12.3% route)

=========================================================================


Total REAL time to Xst completion: 4.00 secs
Total CPU time to Xst completion: 3.80 secs
 
--> 

Total memory usage is 4527368 kilobytes

Number of errors   :    0 (   0 filtered)
Number of warnings :    7 (   0 filtered)
Number of infos    :    0 (   0 filtered)

